<?xml version="1.0" encoding="utf-8"?><testsuites name="pytest tests"><testsuite name="pytest" errors="0" failures="5" skipped="0" tests="216" time="0.977" timestamp="2026-02-05T21:44:10.569271+00:00" hostname="runnervmwffz4"><testcase classname="tests.test_api_client" name="test_default_url" time="0.002" /><testcase classname="tests.test_api_client" name="test_custom_url" time="0.001" /><testcase classname="tests.test_api_client" name="test_env_var_url" time="0.001" /><testcase classname="tests.test_api_client" name="test_list_profiles_success" time="0.001" /><testcase classname="tests.test_api_client" name="test_list_profiles_error" time="0.001" /><testcase classname="tests.test_api_client" name="test_get_profile_success" time="0.001" /><testcase classname="tests.test_api_client" name="test_execute_action_success" time="0.001" /><testcase classname="tests.test_api_client" name="test_execute_action_error" time="0.001" /><testcase classname="tests.test_api_client" name="test_fetch_all_profiles_success" time="0.001" /><testcase classname="tests.test_api_client" name="test_fetch_all_profiles_error" time="0.001" /><testcase classname="tests.test_api_client" name="test_get_profile_error" time="0.001" /><testcase classname="tests.test_api_client" name="test_save_profile_success" time="0.001" /><testcase classname="tests.test_api_client" name="test_save_profile_error" time="0.001" /><testcase classname="tests.test_api_client" name="test_load_profile_by_id_success" time="0.001" /><testcase classname="tests.test_api_client" name="test_load_profile_by_id_error" time="0.001" /><testcase classname="tests.test_api_client" name="test_load_profile_from_json_success" time="0.001" /><testcase classname="tests.test_api_client" name="test_load_profile_from_json_error" time="0.001" /><testcase classname="tests.test_api_client" name="test_delete_profile_success" time="0.001" /><testcase classname="tests.test_api_client" name="test_delete_profile_error" time="0.001" /><testcase classname="tests.test_api_client" name="test_get_last_profile_success" time="0.001" /><testcase classname="tests.test_api_client" name="test_get_last_profile_error" time="0.001" /><testcase classname="tests.test_api_client" name="test_base_url_property" time="0.001" /><testcase classname="tests.test_api_client" name="test_api_error_with_status" time="0.001" /><testcase classname="tests.test_api_client" name="test_api_error_with_both_status_and_error" time="0.001" /><testcase classname="tests.test_profile_builder" name="test_create_exit_trigger" time="0.000" /><testcase classname="tests.test_profile_builder" name="test_create_dynamics" time="0.000" /><testcase classname="tests.test_profile_builder" name="test_create_stage" time="0.000" /><testcase classname="tests.test_profile_builder" name="test_create_variable" time="0.000" /><testcase classname="tests.test_profile_builder" name="test_create_profile_minimal" time="0.000" /><testcase classname="tests.test_profile_builder" name="test_create_profile_full" time="0.000" /><testcase classname="tests.test_profile_builder" name="test_profile_to_dict" time="0.000" /><testcase classname="tests.test_profile_builder" name="test_dict_to_profile" time="0.000" /><testcase classname="tests.test_profile_builder" name="test_variable_references" time="0.000" /><testcase classname="tests.test_profile_builder" name="test_create_exit_trigger_optional_fields" time="0.000" /><testcase classname="tests.test_profile_builder" name="test_create_limit_types" time="0.000" /><testcase classname="tests.test_profile_builder" name="test_create_dynamics_interpolation_types" time="0.000" /><testcase classname="tests.test_profile_builder" name="test_create_dynamics_rejects_none_interpolation" time="0.000" /><testcase classname="tests.test_profile_builder" name="test_create_stage_with_limits" time="0.000" /><testcase classname="tests.test_profile_builder" name="test_create_stage_without_limits" time="0.000" /><testcase classname="tests.test_profile_builder" name="test_create_profile_with_optional_fields" time="0.000" /><testcase classname="tests.test_profile_builder" name="test_profile_to_dict_excludes_none" time="0.000" /><testcase classname="tests.test_profile_builder" name="test_dict_to_profile_with_all_fields" time="0.000" /><testcase classname="tests.test_profile_builder" name="test_create_profile_generates_uuid" time="0.000" /><testcase classname="tests.test_profile_builder" name="test_create_stage_all_types" time="0.000" /><testcase classname="tests.test_profile_builder" name="test_create_dynamics_all_over_types" time="0.000" /><testcase classname="tests.test_profile_builder" name="test_create_exit_trigger_all_types" time="0.000" /><testcase classname="tests.test_profile_builder" name="test_create_variable_all_types" time="0.000" /><testcase classname="tests.test_profile_builder" name="test_profile_to_dict_normalizes_limits" time="0.000" /><testcase classname="tests.test_profile_builder" name="test_profile_to_dict_normalizes_relative" time="0.000" /><testcase classname="tests.test_profile_builder" name="test_profile_to_dict_normalizes_both" time="0.000" /><testcase classname="tests.test_profile_builder" name="test_normalize_profile_with_none_limits" time="0.000" /><testcase classname="tests.test_profile_builder" name="test_normalize_profile_with_missing_relative" time="0.000" /><testcase classname="tests.test_profile_builder" name="test_normalize_profile_preserves_existing_values" time="0.000" /><testcase classname="tests.test_profile_builder" name="test_normalize_profile_empty_limits_array" time="0.000" /><testcase classname="tests.test_profile_builder" name="test_normalize_profile_no_changes_needed" time="0.000" /><testcase classname="tests.test_profile_builder" name="test_create_profile_always_has_variables_array" time="0.000" /><testcase classname="tests.test_profile_builder" name="test_create_profile_with_none_variables_becomes_empty_list" time="0.000" /><testcase classname="tests.test_profile_builder" name="test_profile_to_dict_always_has_variables_array" time="0.000" /><testcase classname="tests.test_profile_builder" name="test_profile_to_dict_preserves_existing_variables" time="0.000" /><testcase classname="tests.test_profile_validator" name="test_valid_profile" time="0.001" /><testcase classname="tests.test_profile_validator" name="test_invalid_profile_missing_field" time="0.001" /><testcase classname="tests.test_profile_validator" name="test_invalid_profile_wrong_type" time="0.001" /><testcase classname="tests.test_profile_validator" name="test_validate_and_raise_valid" time="0.001" /><testcase classname="tests.test_profile_validator" name="test_validate_and_raise_invalid" time="0.001" /><testcase classname="tests.test_profile_validator" name="test_lint_valid_profile" time="0.001" /><testcase classname="tests.test_profile_validator" name="test_lint_profile_no_stages" time="0.001" /><testcase classname="tests.test_profile_validator" name="test_lint_profile_unusual_temperature" time="0.001" /><testcase classname="tests.test_profile_validator" name="test_validator_init_with_path" time="0.001" /><testcase classname="tests.test_profile_validator" name="test_validator_init_no_schema" time="0.000" /><testcase classname="tests.test_profile_validator" name="test_validation_error_message_formatting" time="0.001" /><testcase classname="tests.test_profile_validator" name="test_validate_multiple_errors" time="0.001" /><testcase classname="tests.test_profile_validator" name="test_validate_and_raise_error_message" time="0.001" /><testcase classname="tests.test_profile_validator" name="test_lint_stage_no_exit_triggers" time="0.001" /><testcase classname="tests.test_profile_validator" name="test_lint_stage_no_weight_or_time_trigger" time="0.001" /><testcase classname="tests.test_profile_validator" name="test_lint_stage_empty_dynamics_points" time="0.001" /><testcase classname="tests.test_profile_validator" name="test_lint_stage_single_dynamics_point" time="0.001" /><testcase classname="tests.test_profile_validator" name="test_lint_stage_invalid_dynamics_over" time="0.001" /><testcase classname="tests.test_profile_validator" name="test_lint_stage_invalid_type" time="0.001" /><testcase classname="tests.test_profile_validator" name="test_lint_duplicate_stage_keys" time="0.001" /><testcase classname="tests.test_profile_validator" name="test_lint_temperature_low" time="0.001" /><testcase classname="tests.test_profile_validator" name="test_lint_temperature_high" time="0.001" /><testcase classname="tests.test_profile_validator" name="test_lint_final_weight_low" time="0.001" /><testcase classname="tests.test_profile_validator" name="test_lint_final_weight_high" time="0.001" /><testcase classname="tests.test_profile_validator" name="test_lint_final_weight_out_of_range" time="0.001" /><testcase classname="tests.test_profile_validator" name="test_lint_undefined_variable_reference" time="0.001" /><testcase classname="tests.test_profile_validator" name="test_lint_stages_not_list" time="0.001" /><testcase classname="tests.test_profile_validator" name="test_lint_variables_not_list" time="0.001" /><testcase classname="tests.test_profile_validator" name="test_lint_stage_not_dict" time="0.001" /><testcase classname="tests.test_profile_validator" name="test_validation_error_exception_properties" time="0.001" /><testcase classname="tests.test_profile_validator" name="test_format_error_with_path" time="0.001" /><testcase classname="tests.test_profile_validator" name="test_lint_empty_profile" time="0.001" /><testcase classname="tests.test_profile_validator" name="test_validate_empty_profile" time="0.001" /><testcase classname="tests.test_profile_validator" name="test_lint_missing_limits_field" time="0.001" /><testcase classname="tests.test_profile_validator" name="test_lint_null_limits_field" time="0.001" /><testcase classname="tests.test_profile_validator" name="test_lint_missing_relative_field" time="0.001" /><testcase classname="tests.test_profile_validator" name="test_lint_null_relative_field" time="0.001" /><testcase classname="tests.test_profile_validator" name="test_lint_multiple_normalization_issues" time="0.001" /><testcase classname="tests.test_profile_validator" name="test_lint_no_warnings_when_fields_present" time="0.001" /><testcase classname="tests.test_profile_validator" name="test_validate_pressure_exceeds_15_bar_in_dynamics" time="0.001" /><testcase classname="tests.test_profile_validator" name="test_validate_negative_pressure_in_dynamics" time="0.001" /><testcase classname="tests.test_profile_validator" name="test_validate_pressure_exceeds_15_bar_in_exit_trigger" time="0.001" /><testcase classname="tests.test_profile_validator" name="test_validate_negative_pressure_in_exit_trigger" time="0.001" /><testcase classname="tests.test_profile_validator" name="test_validate_pressure_validation_only_for_pressure_stages" time="0.001" /><testcase classname="tests.test_profile_validator" name="test_validate_pressure_limits_not_validated" time="0.001" /><testcase classname="tests.test_profile_validator" name="test_validate_valid_pressure_values" time="0.001" /><testcase classname="tests.test_profile_validator" name="test_validate_multiple_pressure_violations" time="0.001" /><testcase classname="tests.test_profile_validator" name="test_validate_interpolation_none_fails" time="0.001" /><testcase classname="tests.test_profile_validator" name="test_validate_interpolation_linear_passes" time="0.001" /><testcase classname="tests.test_profile_validator" name="test_validate_interpolation_curve_passes" time="0.001" /><testcase classname="tests.test_profile_validator" name="test_validate_interpolation_invalid_value_fails" time="0.001" /><testcase classname="tests.test_profile_validator" name="test_lint_interpolation_none_warns" time="0.001" /><testcase classname="tests.test_profile_validator" name="test_validate_curve_interpolation_requires_two_points" time="0.001" /><testcase classname="tests.test_profile_validator" name="test_validate_curve_interpolation_with_two_points_passes" time="0.001" /><testcase classname="tests.test_profile_validator" name="test_validate_invalid_dynamics_over_fails" time="0.001" /><testcase classname="tests.test_profile_validator" name="test_validate_valid_dynamics_over_passes" time="0.001" /><testcase classname="tests.test_profile_validator" name="test_validate_invalid_stage_type_fails" time="0.001" /><testcase classname="tests.test_profile_validator" name="test_validate_valid_stage_types_pass" time="0.001" /><testcase classname="tests.test_profile_validator" name="test_validate_invalid_exit_trigger_type_fails" time="0.001" /><testcase classname="tests.test_profile_validator" name="test_validate_valid_exit_trigger_types_pass" time="0.001" /><testcase classname="tests.test_profile_validator" name="test_validate_invalid_comparison_fails" time="0.001" /><testcase classname="tests.test_profile_validator" name="test_validate_valid_comparisons_pass" time="0.001" /><testcase classname="tests.test_profile_validator" name="test_validate_invalid_limit_type_fails" time="0.001" /><testcase classname="tests.test_profile_validator" name="test_validate_valid_limit_types_pass" time="0.001" /><testcase classname="tests.test_profile_validator" name="test_validate_redundant_flow_limit_on_flow_stage_fails" time="0.001" /><testcase classname="tests.test_profile_validator" name="test_validate_redundant_pressure_limit_on_pressure_stage_fails" time="0.001" /><testcase classname="tests.test_profile_validator" name="test_validate_flow_stage_with_flow_exit_trigger_fails" time="0.001" /><testcase classname="tests.test_profile_validator" name="test_validate_pressure_stage_with_pressure_exit_trigger_fails" time="0.001" /><testcase classname="tests.test_profile_validator" name="test_validate_flow_stage_with_weight_exit_trigger_passes" time="0.001" /><testcase classname="tests.test_profile_validator" name="test_validate_single_non_time_trigger_fails" time="0.001" /><testcase classname="tests.test_profile_validator" name="test_validate_single_time_trigger_passes" time="0.001" /><testcase classname="tests.test_profile_validator" name="test_validate_multiple_triggers_passes" time="0.001" /><testcase classname="tests.test_profile_validator" name="test_validate_flow_stage_without_pressure_limit_fails" time="0.001" /><testcase classname="tests.test_profile_validator" name="test_validate_pressure_stage_without_flow_limit_fails" time="0.001" /><testcase classname="tests.test_profile_validator" name="test_validate_flow_stage_with_pressure_limit_passes" time="0.001" /><testcase classname="tests.test_profile_validator" name="test_validate_pressure_stage_with_flow_limit_passes" time="0.001" /><testcase classname="tests.test_profile_validator" name="test_validate_preinfusion_recommends_lower_pressure" time="0.001" /><testcase classname="tests.test_profile_validator" name="test_validate_absolute_weight_decreasing_fails" time="0.001" /><testcase classname="tests.test_profile_validator" name="test_validate_absolute_weight_increasing_passes" time="0.001" /><testcase classname="tests.test_profile_validator" name="test_validate_relative_weight_triggers_no_conflict" time="0.001" /><testcase classname="tests.test_profile_validator" name="test_lint_bloom_stage_with_absolute_triggers_warns" time="0.001" /><testcase classname="tests.test_profile_validator" name="test_lint_low_absolute_weight_in_later_stage_warns" time="0.001" /><testcase classname="tests.test_profile_validator" name="test_lint_missing_variables_array_warns" time="0.001" /><testcase classname="tests.test_profile_validator" name="test_lint_empty_variables_array_warns" time="0.001" /><testcase classname="tests.test_profile_validator" name="test_lint_profile_with_variables_no_warning" time="0.001" /><testcase classname="tests.test_profile_validator" name="test_lint_unused_variable_warns" time="0.001" /><testcase classname="tests.test_profile_validator" name="test_validate_variables_info_without_emoji_fails" time="0.001" /><testcase classname="tests.test_profile_validator" name="test_validate_variables_info_with_emoji_passes" time="0.001" /><testcase classname="tests.test_profile_validator" name="test_validate_variables_adjustable_with_emoji_fails" time="0.001" /><testcase classname="tests.test_profile_validator" name="test_validate_variables_adjustable_without_emoji_passes" time="0.001" /><testcase classname="tests.test_profile_validator" name="test_validate_variables_unused_adjustable_fails" time="0.001" /><testcase classname="tests.test_profile_validator" name="test_validate_variables_unused_info_passes" time="0.001" /><testcase classname="tests.test_server" name="test_ensure_initialized_first_call" time="0.001"><failure message="TypeError: unsupported operand type(s) for /: 'Mock' and 'str'">tests/test_server.py:72: in test_ensure_initialized_first_call
    server_module._ensure_initialized()
src/meticulous_mcp/server.py:82: in _ensure_initialized
    possible_dirs.append(server_path.parent.parent.parent / "espresso-profile-schema")
                         ^^^^^^^^^^^^^^^^^^^^^^^^^^^^^^^^^^^^^^^^^^^^^^^^^^^^^^^^^^^^
E   TypeError: unsupported operand type(s) for /: 'Mock' and 'str'</failure></testcase><testcase classname="tests.test_server" name="test_ensure_initialized_schema_path_not_found" time="0.001"><failure message="TypeError: unsupported operand type(s) for /: 'Mock' and 'str'">tests/test_server.py:125: in test_ensure_initialized_schema_path_not_found
    server_module._ensure_initialized()
src/meticulous_mcp/server.py:82: in _ensure_initialized
    possible_dirs.append(server_path.parent.parent.parent / "espresso-profile-schema")
                         ^^^^^^^^^^^^^^^^^^^^^^^^^^^^^^^^^^^^^^^^^^^^^^^^^^^^^^^^^^^^
E   TypeError: unsupported operand type(s) for /: 'Mock' and 'str'</failure></testcase><testcase classname="tests.test_server" name="test_espresso_knowledge" time="0.000" /><testcase classname="tests.test_server" name="test_espresso_schema_success" time="0.002"><failure message="AssertionError: assert 'name' in 'Error: Schema file not found at None'">tests/test_server.py:164: in test_espresso_schema_success
    assert "name" in result
E   AssertionError: assert 'name' in 'Error: Schema file not found at None'</failure></testcase><testcase classname="tests.test_server" name="test_espresso_schema_file_not_found" time="0.001" /><testcase classname="tests.test_server" name="test_espresso_schema_exception" time="0.001" /><testcase classname="tests.test_server" name="test_get_profile_resource_success" time="0.037" /><testcase classname="tests.test_server" name="test_get_profile_resource_error" time="0.001" /><testcase classname="tests.test_server" name="test_create_espresso_profile_basic" time="0.000" /><testcase classname="tests.test_server" name="test_create_espresso_profile_with_coffee_type" time="0.000" /><testcase classname="tests.test_server" name="test_create_espresso_profile_with_roast_level_light" time="0.000" /><testcase classname="tests.test_server" name="test_create_espresso_profile_with_roast_level_dark" time="0.000" /><testcase classname="tests.test_server" name="test_create_espresso_profile_with_coffee_age" time="0.000" /><testcase classname="tests.test_server" name="test_create_espresso_profile_with_style" time="0.000" /><testcase classname="tests.test_server" name="test_create_espresso_profile_with_target_weight" time="0.000" /><testcase classname="tests.test_server" name="test_create_espresso_profile_with_all_params" time="0.000" /><testcase classname="tests.test_server" name="test_modify_espresso_profile_basic" time="0.000" /><testcase classname="tests.test_server" name="test_modify_espresso_profile_with_taste_issue_sour" time="0.000" /><testcase classname="tests.test_server" name="test_modify_espresso_profile_with_taste_issue_bitter" time="0.000" /><testcase classname="tests.test_server" name="test_modify_espresso_profile_with_taste_issue_gushing" time="0.000" /><testcase classname="tests.test_server" name="test_modify_espresso_profile_with_taste_issue_choking" time="0.000" /><testcase classname="tests.test_server" name="test_modify_espresso_profile_with_modification_goal" time="0.000" /><testcase classname="tests.test_server" name="test_troubleshoot_profile_basic" time="0.000" /><testcase classname="tests.test_server" name="test_troubleshoot_profile_with_duration" time="0.000" /><testcase classname="tests.test_server" name="test_troubleshoot_profile_with_yield" time="0.000" /><testcase classname="tests.test_server" name="test_troubleshoot_profile_with_all_params" time="0.000" /><testcase classname="tests.test_server" name="test_ensure_initialized_uses_env_var" time="0.002"><failure message="TypeError: unsupported operand type(s) for /: 'Mock' and 'str'">tests/test_server.py:434: in test_ensure_initialized_uses_env_var
    server_module._ensure_initialized()
src/meticulous_mcp/server.py:82: in _ensure_initialized
    possible_dirs.append(server_path.parent.parent.parent / "espresso-profile-schema")
                         ^^^^^^^^^^^^^^^^^^^^^^^^^^^^^^^^^^^^^^^^^^^^^^^^^^^^^^^^^^^^
E   TypeError: unsupported operand type(s) for /: 'Mock' and 'str'</failure></testcase><testcase classname="tests.test_server" name="test_ensure_initialized_default_url" time="0.002"><failure message="TypeError: unsupported operand type(s) for /: 'Mock' and 'str'">tests/test_server.py:468: in test_ensure_initialized_default_url
    server_module._ensure_initialized()
src/meticulous_mcp/server.py:82: in _ensure_initialized
    possible_dirs.append(server_path.parent.parent.parent / "espresso-profile-schema")
                         ^^^^^^^^^^^^^^^^^^^^^^^^^^^^^^^^^^^^^^^^^^^^^^^^^^^^^^^^^^^^
E   TypeError: unsupported operand type(s) for /: 'Mock' and 'str'</failure></testcase><testcase classname="tests.test_tools" name="test_create_profile_success" time="0.001" /><testcase classname="tests.test_tools" name="test_list_profiles_success" time="0.001" /><testcase classname="tests.test_tools" name="test_list_profiles_error" time="0.001" /><testcase classname="tests.test_tools" name="test_get_profile_success" time="0.001" /><testcase classname="tests.test_tools" name="test_delete_profile_success" time="0.001" /><testcase classname="tests.test_tools" name="test_validate_profile_valid" time="0.001" /><testcase classname="tests.test_tools" name="test_validate_profile_invalid" time="0.001" /><testcase classname="tests.test_tools" name="test_run_profile_success" time="0.001" /><testcase classname="tests.test_tools" name="test_run_profile_load_error" time="0.001" /><testcase classname="tests.test_tools" name="test_run_profile_start_error" time="0.001" /><testcase classname="tests.test_tools" name="test_create_profile_with_warnings" time="0.001" /><testcase classname="tests.test_tools" name="test_create_profile_validation_error" time="0.001" /><testcase classname="tests.test_tools" name="test_create_profile_save_error" time="0.001" /><testcase classname="tests.test_tools" name="test_create_profile_with_variables" time="0.001" /><testcase classname="tests.test_tools" name="test_create_profile_with_accent_color" time="0.001" /><testcase classname="tests.test_tools" name="test_create_profile_stage_error" time="0.001" /><testcase classname="tests.test_tools" name="test_get_profile_error" time="0.001" /><testcase classname="tests.test_tools" name="test_delete_profile_error" time="0.001" /><testcase classname="tests.test_tools" name="test_delete_profile_get_error" time="0.001" /><testcase classname="tests.test_tools" name="test_validate_profile_invalid_json" time="0.001" /><testcase classname="tests.test_tools" name="test_validate_profile_with_warnings" time="0.001" /><testcase classname="tests.test_tools" name="test_validate_profile_with_errors_and_warnings" time="0.001" /><testcase classname="tests.test_tools" name="test_validate_profile_new_format_with_schema_errors" time="0.001" /><testcase classname="tests.test_tools" name="test_update_profile_success" time="0.001" /><testcase classname="tests.test_tools" name="test_update_profile_get_error" time="0.001" /><testcase classname="tests.test_tools" name="test_update_profile_update_stages" time="0.001" /><testcase classname="tests.test_tools" name="test_update_profile_stages_json" time="0.002" /><testcase classname="tests.test_tools" name="test_update_profile_stages_json_invalid" time="0.001" /><testcase classname="tests.test_tools" name="test_update_profile_variables_json" time="0.001" /><testcase classname="tests.test_tools" name="test_update_profile_validation_error" time="0.001" /><testcase classname="tests.test_tools" name="test_update_profile_save_error" time="0.001" /><testcase classname="tests.test_tools" name="test_duplicate_profile_success" time="0.001" /><testcase classname="tests.test_tools" name="test_duplicate_profile_get_error" time="0.001" /><testcase classname="tests.test_tools" name="test_duplicate_profile_save_error" time="0.001" /><testcase classname="tests.test_tools" name="test_duplicate_profile_without_temperature_modification" time="0.001" /><testcase classname="tests.test_tools" name="test_ensure_initialized_not_called" time="0.001" /><testcase classname="tests.test_tools" name="test_list_profiles_partial_profile_missing_attrs" time="0.001" /></testsuite></testsuites>